# JRE version: Java(TM) SE Runtime Environment (13.0.2+8) (build 13.0.2+8)
# Java VM: Java HotSpot(TM) 64-Bit Server VM (13.0.2+8, mixed mode, sharing, tiered, compressed oops, g1 gc, windows-amd64)
Heap:
 garbage-first heap   total 262144K, used 216217K [0x00000000e0000000, 0x0000000100000000)
  region size 1024K, 143 young (146432K), 9 survivors (9216K)
 Metaspace       used 40825K, capacity 42060K, committed 42240K, reserved 290816K
  class space    used 5608K, capacity 6077K, committed 6144K, reserved 253952K
GC Heap History (19 events):
Event: 0.575 GC heap before
{Heap before GC invocations=0 (full 0):
 garbage-first heap   total 262144K, used 29696K [0x00000000e0000000, 0x0000000100000000)
  region size 1024K, 24 young (24576K), 0 survivors (0K)
 Metaspace       used 3270K, capacity 6227K, committed 6400K, reserved 262144K
  class space    used 429K, capacity 738K, committed 768K, reserved 253952K
}
Event: 0.579 GC heap after
{Heap after GC invocations=1 (full 0):
 garbage-first heap   total 262144K, used 9473K [0x00000000e0000000, 0x0000000100000000)
  region size 1024K, 3 young (3072K), 3 survivors (3072K)
 Metaspace       used 3270K, capacity 6227K, committed 6400K, reserved 262144K
  class space    used 429K, capacity 738K, committed 768K, reserved 253952K
}
Event: 3.171 GC heap before
{Heap before GC invocations=1 (full 0):
 garbage-first heap   total 262144K, used 163073K [0x00000000e0000000, 0x0000000100000000)
  region size 1024K, 153 young (156672K), 3 survivors (3072K)
 Metaspace       used 17486K, capacity 18060K, committed 18176K, reserved 270336K
  class space    used 2570K, capacity 2791K, committed 2816K, reserved 253952K
}
Event: 3.177 GC heap after
{Heap after GC invocations=2 (full 0):
 garbage-first heap   total 262144K, used 18940K [0x00000000e0000000, 0x0000000100000000)
  region size 1024K, 13 young (13312K), 13 survivors (13312K)
 Metaspace       used 17486K, capacity 18060K, committed 18176K, reserved 270336K
  class space    used 2570K, capacity 2791K, committed 2816K, reserved 253952K
}
Event: 26.234 GC heap before
{Heap before GC invocations=2 (full 0):
 garbage-first heap   total 262144K, used 80380K [0x00000000e0000000, 0x0000000100000000)
  region size 1024K, 44 young (45056K), 13 survivors (13312K)
 Metaspace       used 20413K, capacity 21182K, committed 21248K, reserved 272384K
  class space    used 3024K, capacity 3318K, committed 3328K, reserved 253952K
}
Event: 26.240 GC heap after
{Heap after GC invocations=3 (full 0):
 garbage-first heap   total 262144K, used 54417K [0x00000000e0000000, 0x0000000100000000)
  region size 1024K, 13 young (13312K), 13 survivors (13312K)
 Metaspace       used 20413K, capacity 21182K, committed 21248K, reserved 272384K
  class space    used 3024K, capacity 3318K, committed 3328K, reserved 253952K
}
Event: 28.429 GC heap before
{Heap before GC invocations=4 (full 0):
 garbage-first heap   total 262144K, used 173201K [0x00000000e0000000, 0x0000000100000000)
  region size 1024K, 127 young (130048K), 13 survivors (13312K)
 Metaspace       used 34147K, capacity 35199K, committed 35456K, reserved 284672K
  class space    used 4783K, capacity 5199K, committed 5248K, reserved 253952K
}
Event: 28.435 GC heap after
{Heap after GC invocations=5 (full 0):
 garbage-first heap   total 262144K, used 63343K [0x00000000e0000000, 0x0000000100000000)
  region size 1024K, 13 young (13312K), 13 survivors (13312K)
 Metaspace       used 34147K, capacity 35199K, committed 35456K, reserved 284672K
  class space    used 4783K, capacity 5199K, committed 5248K, reserved 253952K
}
Event: 28.476 GC heap before
{Heap before GC invocations=5 (full 0):
 garbage-first heap   total 262144K, used 66415K [0x00000000e0000000, 0x0000000100000000)
  region size 1024K, 17 young (17408K), 13 survivors (13312K)
 Metaspace       used 34692K, capacity 35807K, committed 35840K, reserved 284672K
  class space    used 4845K, capacity 5231K, committed 5248K, reserved 253952K
}
Event: 28.483 GC heap after
{Heap after GC invocations=6 (full 0):
 garbage-first heap   total 262144K, used 62595K [0x00000000e0000000, 0x0000000100000000)
  region size 1024K, 8 young (8192K), 8 survivors (8192K)
 Metaspace       used 34692K, capacity 35807K, committed 35840K, reserved 284672K
  class space    used 4845K, capacity 5231K, committed 5248K, reserved 253952K
}
Event: 29.223 GC heap before
{Heap before GC invocations=7 (full 0):
 garbage-first heap   total 262144K, used 217219K [0x00000000e0000000, 0x0000000100000000)
  region size 1024K, 140 young (143360K), 8 survivors (8192K)
 Metaspace       used 40804K, capacity 42028K, committed 42240K, reserved 290816K
  class space    used 5606K, capacity 6045K, committed 6144K, reserved 253952K
}
Event: 29.229 GC heap after
{Heap after GC invocations=8 (full 0):
 garbage-first heap   total 262144K, used 77046K [0x00000000e0000000, 0x0000000100000000)
  region size 1024K, 12 young (12288K), 12 survivors (12288K)
 Metaspace       used 40804K, capacity 42028K, committed 42240K, reserved 290816K
  class space    used 5606K, capacity 6045K, committed 6144K, reserved 253952K
}
Event: 29.470 GC heap before
{Heap before GC invocations=8 (full 0):
 garbage-first heap   total 262144K, used 208118K [0x00000000e0000000, 0x0000000100000000)
  region size 1024K, 138 young (141312K), 12 survivors (12288K)
 Metaspace       used 40815K, capacity 42028K, committed 42240K, reserved 290816K
  class space    used 5606K, capacity 6045K, committed 6144K, reserved 253952K
}
Event: 29.474 GC heap after
{Heap after GC invocations=9 (full 0):
 garbage-first heap   total 262144K, used 78331K [0x00000000e0000000, 0x0000000100000000)
  region size 1024K, 7 young (7168K), 7 survivors (7168K)
 Metaspace       used 40815K, capacity 42028K, committed 42240K, reserved 290816K
  class space    used 5606K, capacity 6045K, committed 6144K, reserved 253952K
}
Event: 29.706 GC heap before
{Heap before GC invocations=9 (full 0):
 garbage-first heap   total 262144K, used 210427K [0x00000000e0000000, 0x0000000100000000)
  region size 1024K, 136 young (139264K), 7 survivors (7168K)
 Metaspace       used 40824K, capacity 42060K, committed 42240K, reserved 290816K
  class space    used 5608K, capacity 6077K, committed 6144K, reserved 253952K
}
Event: 29.709 GC heap after
{Heap after GC invocations=10 (full 0):
 garbage-first heap   total 262144K, used 78455K [0x00000000e0000000, 0x0000000100000000)
  region size 1024K, 7 young (7168K), 7 survivors (7168K)
 Metaspace       used 40824K, capacity 42060K, committed 42240K, reserved 290816K
  class space    used 5608K, capacity 6077K, committed 6144K, reserved 253952K
}
Event: 29.951 GC heap before
{Heap before GC invocations=10 (full 0):
 garbage-first heap   total 262144K, used 213623K [0x00000000e0000000, 0x0000000100000000)
  region size 1024K, 139 young (142336K), 7 survivors (7168K)
 Metaspace       used 40825K, capacity 42060K, committed 42240K, reserved 290816K
  class space    used 5608K, capacity 6077K, committed 6144K, reserved 253952K
}
Event: 29.954 GC heap after
{Heap after GC invocations=11 (full 0):
 garbage-first heap   total 262144K, used 79001K [0x00000000e0000000, 0x0000000100000000)
  region size 1024K, 8 young (8192K), 8 survivors (8192K)
 Metaspace       used 40825K, capacity 42060K, committed 42240K, reserved 290816K
  class space    used 5608K, capacity 6077K, committed 6144K, reserved 253952K
}
Event: 30.197 GC heap before
{Heap before GC invocations=11 (full 0):
 garbage-first heap   total 262144K, used 216217K [0x00000000e0000000, 0x0000000100000000)
  region size 1024K, 142 young (145408K), 8 survivors (8192K)
 Metaspace       used 40825K, capacity 42060K, committed 42240K, reserved 290816K
  class space    used 5608K, capacity 6077K, committed 6144K, reserved 253952K
}

